::1 - - [21/Apr/2022:10:38:16 +0000] "GET /testing HTTP/1.1" 304 - "-" "Mozilla/5.0 (Macintosh; Intel Mac OS X 10_15_7) AppleWebKit/537.36 (KHTML, like Gecko) Chrome/100.0.4896.127 Safari/537.36"
::1 - - [21/Apr/2022:10:38:42 +0000] "GET /content HTTP/1.1" 200 33 "-" "Mozilla/5.0 (Macintosh; Intel Mac OS X 10_15_7) AppleWebKit/537.36 (KHTML, like Gecko) Chrome/100.0.4896.127 Safari/537.36"
::ffff:127.0.0.1 - - [21/Apr/2022:10:52:55 +0000] "GET /content HTTP/1.1" 200 33 "-" "axios/0.26.1"
::1 - - [21/Apr/2022:10:52:55 +0000] "GET /sendRequest HTTP/1.1" 200 2 "-" "Mozilla/5.0 (Macintosh; Intel Mac OS X 10_15_7) AppleWebKit/537.36 (KHTML, like Gecko) Chrome/100.0.4896.127 Safari/537.36"
::ffff:127.0.0.1 - - [21/Apr/2022:10:53:45 +0000] "GET /content HTTP/1.1" 200 33 "-" "axios/0.26.1"
::1 - - [21/Apr/2022:10:53:45 +0000] "GET /sendRequest HTTP/1.1" 304 - "-" "Mozilla/5.0 (Macintosh; Intel Mac OS X 10_15_7) AppleWebKit/537.36 (KHTML, like Gecko) Chrome/100.0.4896.127 Safari/537.36"
::ffff:127.0.0.1 - - [21/Apr/2022:10:58:28 +0000] "GET /content HTTP/1.1" 200 33 "-" "axios/0.26.1"
::1 - - [21/Apr/2022:10:58:28 +0000] "GET /sendRequest HTTP/1.1" 200 33 "-" "Mozilla/5.0 (Macintosh; Intel Mac OS X 10_15_7) AppleWebKit/537.36 (KHTML, like Gecko) Chrome/100.0.4896.127 Safari/537.36"
::1 - - [21/Apr/2022:11:01:59 +0000] "GET /sendRequest HTTP/1.1" 200 45 "-" "Mozilla/5.0 (Macintosh; Intel Mac OS X 10_15_7) AppleWebKit/537.36 (KHTML, like Gecko) Chrome/100.0.4896.127 Safari/537.36"
::ffff:127.0.0.1 - asdWe212$$ [21/Apr/2022:11:07:27 +0000] "GET /users/checkUser/123 HTTP/1.1" 404 158 "-" "axios/0.26.1"
::1 - - [21/Apr/2022:11:07:27 +0000] "GET /sendRequest HTTP/1.1" 200 1128 "-" "Mozilla/5.0 (Macintosh; Intel Mac OS X 10_15_7) AppleWebKit/537.36 (KHTML, like Gecko) Chrome/100.0.4896.127 Safari/537.36"
::1 - - [21/Apr/2022:11:08:17 +0000] "GET /sendRequest HTTP/1.1" 200 45 "-" "Mozilla/5.0 (Macintosh; Intel Mac OS X 10_15_7) AppleWebKit/537.36 (KHTML, like Gecko) Chrome/100.0.4896.127 Safari/537.36"
::1 - - [21/Apr/2022:11:08:40 +0000] "GET /sendRequest HTTP/1.1" 200 27 "-" "Mozilla/5.0 (Macintosh; Intel Mac OS X 10_15_7) AppleWebKit/537.36 (KHTML, like Gecko) Chrome/100.0.4896.127 Safari/537.36"
::1 - - [21/Apr/2022:11:17:47 +0000] "GET /sendRequest HTTP/1.1" 304 - "-" "Mozilla/5.0 (Macintosh; Intel Mac OS X 10_15_7) AppleWebKit/537.36 (KHTML, like Gecko) Chrome/100.0.4896.127 Safari/537.36"
::1 - - [21/Apr/2022:11:18:12 +0000] "GET /sendRequest HTTP/1.1" 304 - "-" "Mozilla/5.0 (Macintosh; Intel Mac OS X 10_15_7) AppleWebKit/537.36 (KHTML, like Gecko) Chrome/100.0.4896.127 Safari/537.36"
::1 - - [21/Apr/2022:11:19:06 +0000] "GET /sendRequest HTTP/1.1" 304 - "-" "Mozilla/5.0 (Macintosh; Intel Mac OS X 10_15_7) AppleWebKit/537.36 (KHTML, like Gecko) Chrome/100.0.4896.127 Safari/537.36"
::1 - - [21/Apr/2022:11:22:10 +0000] "GET /sendRequest HTTP/1.1" 304 - "-" "Mozilla/5.0 (Macintosh; Intel Mac OS X 10_15_7) AppleWebKit/537.36 (KHTML, like Gecko) Chrome/100.0.4896.127 Safari/537.36"
::1 - - [21/Apr/2022:11:24:44 +0000] "GET /sendRequest HTTP/1.1" 304 - "-" "Mozilla/5.0 (Macintosh; Intel Mac OS X 10_15_7) AppleWebKit/537.36 (KHTML, like Gecko) Chrome/100.0.4896.127 Safari/537.36"
::1 - - [21/Apr/2022:11:27:19 +0000] "GET /sendRequest HTTP/1.1" 200 40 "-" "Mozilla/5.0 (Macintosh; Intel Mac OS X 10_15_7) AppleWebKit/537.36 (KHTML, like Gecko) Chrome/100.0.4896.127 Safari/537.36"
::1 - - [21/Apr/2022:11:28:06 +0000] "GET /sendRequest HTTP/1.1" 200 27 "-" "Mozilla/5.0 (Macintosh; Intel Mac OS X 10_15_7) AppleWebKit/537.36 (KHTML, like Gecko) Chrome/100.0.4896.127 Safari/537.36"
::1 - - [21/Apr/2022:11:36:58 +0000] "GET /solanaBlock HTTP/1.1" 200 3368 "-" "Mozilla/5.0 (Macintosh; Intel Mac OS X 10_15_7) AppleWebKit/537.36 (KHTML, like Gecko) Chrome/100.0.4896.127 Safari/537.36"
::1 - - [21/Apr/2022:11:37:47 +0000] "GET /solanaBlock HTTP/1.1" 200 3363 "-" "Mozilla/5.0 (Macintosh; Intel Mac OS X 10_15_7) AppleWebKit/537.36 (KHTML, like Gecko) Chrome/100.0.4896.127 Safari/537.36"
